  MyForm.cpp
C:\Users\JorJor\Desktop\新增資料夾\EZWzerotreeClr\EZWzerotreeClr\MyForm.h(269,43): warning C4244: '=': 將 'float' 轉換為 'int'，由於類型不同，可能導致資料遺失
C:\Users\JorJor\Desktop\新增資料夾\EZWzerotreeClr\EZWzerotreeClr\MyForm.h(270,62): warning C4244: '=': 將 'float' 轉換為 'int'，由於類型不同，可能導致資料遺失
C:\Users\JorJor\Desktop\新增資料夾\EZWzerotreeClr\EZWzerotreeClr\MyForm.h(280,14): warning C4244: '正在初始化': 將 'float' 轉換為 'int'，由於類型不同，可能導致資料遺失
C:\Users\JorJor\Desktop\新增資料夾\EZWzerotreeClr\EZWzerotreeClr\MyForm.h(282,42): warning C4244: '=': 將 'float' 轉換為 'int'，由於類型不同，可能導致資料遺失
C:\Users\JorJor\Desktop\新增資料夾\EZWzerotreeClr\EZWzerotreeClr\MyForm.h(283,62): warning C4244: '=': 將 'float' 轉換為 'int'，由於類型不同，可能導致資料遺失
C:\Users\JorJor\Desktop\新增資料夾\EZWzerotreeClr\EZWzerotreeClr\MyForm.h(605,12): warning C4244: '=': 將 'double' 轉換為 'int'，由於類型不同，可能導致資料遺失
C:\Users\JorJor\Desktop\新增資料夾\EZWzerotreeClr\EZWzerotreeClr\MyForm.h(606,11): warning C4244: '=': 將 'double' 轉換為 'int'，由於類型不同，可能導致資料遺失
C:\Users\JorJor\Desktop\新增資料夾\EZWzerotreeClr\EZWzerotreeClr\MyForm.h(644,23): warning C4244: '=': 將 'float' 轉換為 'int'，由於類型不同，可能導致資料遺失
C:\Users\JorJor\Desktop\新增資料夾\EZWzerotreeClr\EZWzerotreeClr\MyForm.h(710,13): warning C4244: '=': 將 'float' 轉換為 'int'，由於類型不同，可能導致資料遺失
C:\Users\JorJor\Desktop\新增資料夾\EZWzerotreeClr\EZWzerotreeClr\MyForm.h(715,13): warning C4244: '=': 將 'float' 轉換為 'int'，由於類型不同，可能導致資料遺失
C:\Users\JorJor\Desktop\新增資料夾\EZWzerotreeClr\EZWzerotreeClr\MyForm.h(750,24): warning C4244: '=': 將 'float' 轉換為 'int'，由於類型不同，可能導致資料遺失
C:\Users\JorJor\Desktop\新增資料夾\EZWzerotreeClr\EZWzerotreeClr\MyForm.h(772,23): warning C4244: '=': 將 'float' 轉換為 'int'，由於類型不同，可能導致資料遺失
C:\Users\JorJor\Desktop\新增資料夾\EZWzerotreeClr\EZWzerotreeClr\MyForm.h(868,12): warning C4244: '=': 將 'double' 轉換為 'int'，由於類型不同，可能導致資料遺失
C:\Users\JorJor\Desktop\新增資料夾\EZWzerotreeClr\EZWzerotreeClr\MyForm.h(869,11): warning C4244: '=': 將 'double' 轉換為 'int'，由於類型不同，可能導致資料遺失
C:\Users\JorJor\Desktop\新增資料夾\EZWzerotreeClr\EZWzerotreeClr\MyForm.h(893,23): warning C4244: '=': 將 'float' 轉換為 'int'，由於類型不同，可能導致資料遺失
C:\Users\JorJor\Desktop\新增資料夾\EZWzerotreeClr\EZWzerotreeClr\MyForm.h(959,13): warning C4244: '=': 將 'float' 轉換為 'int'，由於類型不同，可能導致資料遺失
C:\Users\JorJor\Desktop\新增資料夾\EZWzerotreeClr\EZWzerotreeClr\MyForm.h(963,13): warning C4244: '=': 將 'float' 轉換為 'int'，由於類型不同，可能導致資料遺失
C:\Users\JorJor\Desktop\新增資料夾\EZWzerotreeClr\EZWzerotreeClr\MyForm.h(983,23): warning C4244: '=': 將 'float' 轉換為 'int'，由於類型不同，可能導致資料遺失
C:\Users\JorJor\Desktop\新增資料夾\EZWzerotreeClr\EZWzerotreeClr\MyForm.h(1041,65): warning C4244: '=': 將 'float' 轉換為 'int'，由於類型不同，可能導致資料遺失
C:\Users\JorJor\Desktop\新增資料夾\EZWzerotreeClr\EZWzerotreeClr\MyForm.h(1042,37): warning C4244: '=': 將 'float' 轉換為 'int'，由於類型不同，可能導致資料遺失
C:\Users\JorJor\Desktop\新增資料夾\EZWzerotreeClr\EZWzerotreeClr\MyForm.h(1045,65): warning C4244: '=': 將 'float' 轉換為 'int'，由於類型不同，可能導致資料遺失
C:\Users\JorJor\Desktop\新增資料夾\EZWzerotreeClr\EZWzerotreeClr\MyForm.h(1046,37): warning C4244: '=': 將 'float' 轉換為 'int'，由於類型不同，可能導致資料遺失
  .NETFramework,Version=v4.7.2.AssemblyAttributes.cpp
  正在產生程式碼...
C:\Users\JorJor\Desktop\新增資料夾\EZWzerotreeClr\EZWzerotreeClr\MyForm.h(549): warning C4715: 'EZWzerotreeClr::MyForm::check_beside': 不是所有控制路徑都傳回值
  MyForm.obj : 發現 MSIL 模組。MSIL 的累加連結已停用。正在執行完整連結
  EZWzerotreeClr.vcxproj -> C:\Users\JorJor\Desktop\新增資料夾\EZWzerotreeClr\x64\Release\EZWzerotreeClr.exe
